<?xml version="1.0" encoding="UTF-8"?>
<!-- Generated by org.testng.reporters.JUnitXMLReporter -->
<testsuite ignored="0" hostname="SANJAY-PC" failures="0" tests="4" name="Surefire test" time="5.577" errors="0" timestamp="2024-12-26T15:14:27 IST">
  <testcase classname="com.qa.tests.ApiTest" name="createIssueTest" time="2.695"/>
  <testcase classname="com.qa.tests.ApiTest" name="retrieveIssueTest" time="0.479"/>
  <testcase classname="com.qa.tests.ApiTest" name="updateIssueTest" time="1.257"/>
  <testcase classname="com.qa.tests.ApiTest" name="deleteIssueTest" time="1.095"/>
</testsuite> <!-- Surefire test -->
