<?xml version="1.0" encoding="UTF-8"?>
<testsuite xmlns:xsi="http://www.w3.org/2001/XMLSchema-instance" xsi:noNamespaceSchemaLocation="https://maven.apache.org/surefire/maven-surefire-plugin/xsd/surefire-test-report-3.0.xsd" version="3.0" name="com.qa.tests.ApiTest" time="6.758" tests="4" errors="0" skipped="0" failures="0">
  <properties>
[...]
</properties>
  <testcase name="createIssueTest" classname="com.qa.tests.ApiTest" time="2.695">
    <system-err><![CDATA[SLF4J: Failed to load class "org.slf4j.impl.StaticLoggerBinder".
SLF4J: Defaulting to no-operation (NOP) logger implementation
SLF4J: See http://www.slf4j.org/codes.html#StaticLoggerBinder for further details.
]]></system-err>
  </testcase>
  <testcase name="retrieveIssueTest" classname="com.qa.tests.ApiTest" time="0.478"/>
  <testcase name="updateIssueTest" classname="com.qa.tests.ApiTest" time="1.257"/>
  <testcase name="deleteIssueTest" classname="com.qa.tests.ApiTest" time="1.094"/>
</testsuite>