<?xml version="1.0" encoding="UTF-8"?>
<testng-results ignored="0" total="4" passed="4" failed="0" skipped="0">
  <reporter-output>
  </reporter-output>
  <suite started-at="2024-12-26T15:14:22 IST" name="Surefire suite" finished-at="2024-12-26T15:14:27 IST" duration-ms="5577">
    <groups>
    </groups>
    <test started-at="2024-12-26T15:14:22 IST" name="Surefire test" finished-at="2024-12-26T15:14:27 IST" duration-ms="5577">
      <class name="com.qa.tests.ApiTest">
        <test-method is-config="true" signature="setupReporting()[pri:0, instance:com.qa.tests.ApiTest@618425b5]" started-at="2024-12-26T15:14:21 IST" name="setupReporting" finished-at="2024-12-26T15:14:22 IST" duration-ms="201" status="PASS">
          <reporter-output>
          </reporter-output>
        </test-method> <!-- setupReporting -->
        <test-method signature="createIssueTest()[pri:1, instance:com.qa.tests.ApiTest@618425b5]" started-at="2024-12-26T15:14:22 IST" name="createIssueTest" finished-at="2024-12-26T15:14:24 IST" duration-ms="2695" status="PASS">
          <reporter-output>
          </reporter-output>
        </test-method> <!-- createIssueTest -->
        <test-method signature="retrieveIssueTest()[pri:2, instance:com.qa.tests.ApiTest@618425b5]" started-at="2024-12-26T15:14:24 IST" name="retrieveIssueTest" finished-at="2024-12-26T15:14:25 IST" depends-on-methods="com.qa.tests.ApiTest.createIssueTest" duration-ms="479" status="PASS">
          <reporter-output>
          </reporter-output>
        </test-method> <!-- retrieveIssueTest -->
        <test-method signature="updateIssueTest()[pri:3, instance:com.qa.tests.ApiTest@618425b5]" started-at="2024-12-26T15:14:25 IST" name="updateIssueTest" finished-at="2024-12-26T15:14:26 IST" depends-on-methods="com.qa.tests.ApiTest.retrieveIssueTest" duration-ms="1257" status="PASS">
          <reporter-output>
          </reporter-output>
        </test-method> <!-- updateIssueTest -->
        <test-method signature="deleteIssueTest()[pri:4, instance:com.qa.tests.ApiTest@618425b5]" started-at="2024-12-26T15:14:26 IST" name="deleteIssueTest" finished-at="2024-12-26T15:14:27 IST" depends-on-methods="com.qa.tests.ApiTest.updateIssueTest" duration-ms="1095" status="PASS">
          <reporter-output>
          </reporter-output>
        </test-method> <!-- deleteIssueTest -->
        <test-method is-config="true" signature="teardownReporting()[pri:0, instance:com.qa.tests.ApiTest@618425b5]" started-at="2024-12-26T15:14:27 IST" name="teardownReporting" finished-at="2024-12-26T15:14:28 IST" duration-ms="336" status="PASS">
          <reporter-output>
          </reporter-output>
        </test-method> <!-- teardownReporting -->
      </class> <!-- com.qa.tests.ApiTest -->
    </test> <!-- Surefire test -->
  </suite> <!-- Surefire suite -->
</testng-results>
