<?xml version="1.0" encoding="UTF-8"?>
<testng-results ignored="0" total="4" passed="4" failed="0" skipped="0">
  <reporter-output>
  </reporter-output>
  <suite started-at="2024-12-26T14:23:26 IST" name="Default suite" finished-at="2024-12-26T14:23:32 IST" duration-ms="5297">
    <groups>
    </groups>
    <test started-at="2024-12-26T14:23:26 IST" name="Default test" finished-at="2024-12-26T14:23:32 IST" duration-ms="5297">
      <class name="com.qa.tests.ApiTest">
        <test-method is-config="true" signature="setupReporting()[pri:0, instance:com.qa.tests.ApiTest@25be7b63]" started-at="2024-12-26T14:23:26 IST" name="setupReporting" finished-at="2024-12-26T14:23:26 IST" duration-ms="205" status="PASS">
          <reporter-output>
          </reporter-output>
        </test-method> <!-- setupReporting -->
        <test-method signature="createIssueTest()[pri:1, instance:com.qa.tests.ApiTest@25be7b63]" started-at="2024-12-26T14:23:26 IST" name="createIssueTest" finished-at="2024-12-26T14:23:29 IST" duration-ms="2322" status="PASS">
          <reporter-output>
          </reporter-output>
        </test-method> <!-- createIssueTest -->
        <test-method signature="retrieveIssueTest()[pri:2, instance:com.qa.tests.ApiTest@25be7b63]" started-at="2024-12-26T14:23:29 IST" name="retrieveIssueTest" finished-at="2024-12-26T14:23:29 IST" depends-on-methods="com.qa.tests.ApiTest.createIssueTest" duration-ms="750" status="PASS">
          <reporter-output>
          </reporter-output>
        </test-method> <!-- retrieveIssueTest -->
        <test-method signature="updateIssueTest()[pri:3, instance:com.qa.tests.ApiTest@25be7b63]" started-at="2024-12-26T14:23:29 IST" name="updateIssueTest" finished-at="2024-12-26T14:23:30 IST" depends-on-methods="com.qa.tests.ApiTest.retrieveIssueTest" duration-ms="1092" status="PASS">
          <reporter-output>
          </reporter-output>
        </test-method> <!-- updateIssueTest -->
        <test-method signature="deleteIssueTest()[pri:4, instance:com.qa.tests.ApiTest@25be7b63]" started-at="2024-12-26T14:23:30 IST" name="deleteIssueTest" finished-at="2024-12-26T14:23:32 IST" depends-on-methods="com.qa.tests.ApiTest.updateIssueTest" duration-ms="1098" status="PASS">
          <reporter-output>
          </reporter-output>
        </test-method> <!-- deleteIssueTest -->
        <test-method is-config="true" signature="teardownReporting()[pri:0, instance:com.qa.tests.ApiTest@25be7b63]" started-at="2024-12-26T14:23:32 IST" name="teardownReporting" finished-at="2024-12-26T14:23:32 IST" duration-ms="266" status="PASS">
          <reporter-output>
          </reporter-output>
        </test-method> <!-- teardownReporting -->
      </class> <!-- com.qa.tests.ApiTest -->
    </test> <!-- Default test -->
  </suite> <!-- Default suite -->
</testng-results>
